error: MongoServerError: E11000 duplicate key error collection: coderBackend.products index: title_1 dup key: { title: "producto Testeo 7" }
    at InsertOneOperation.execute (C:\Repositorio\Coderhouse\Backend\Desafios\desafio-clase-37\node_modules\mongoose\node_modules\mongodb\lib\operations\insert.js:51:19)
    at process.processTicksAndRejections (node:internal/process/task_queues:95:5)
    at async executeOperation (C:\Repositorio\Coderhouse\Backend\Desafios\desafio-clase-37\node_modules\mongoose\node_modules\mongodb\lib\operations\execute_operation.js:136:16)
    at async Collection.insertOne (C:\Repositorio\Coderhouse\Backend\Desafios\desafio-clase-37\node_modules\mongoose\node_modules\mongodb\lib\collection.js:155:16)
error: MongoServerError: E11000 duplicate key error collection: coderBackend.products index: title_1 dup key: { title: "producto Testeo 7" }
    at InsertOneOperation.execute (C:\Repositorio\Coderhouse\Backend\Desafios\desafio-clase-37\node_modules\mongoose\node_modules\mongodb\lib\operations\insert.js:51:19)
    at process.processTicksAndRejections (node:internal/process/task_queues:95:5)
    at async executeOperation (C:\Repositorio\Coderhouse\Backend\Desafios\desafio-clase-37\node_modules\mongoose\node_modules\mongodb\lib\operations\execute_operation.js:136:16)
    at async Collection.insertOne (C:\Repositorio\Coderhouse\Backend\Desafios\desafio-clase-37\node_modules\mongoose\node_modules\mongodb\lib\collection.js:155:16)
error: MongoServerError: E11000 duplicate key error collection: coderBackend.products index: title_1 dup key: { title: "producto Testeo 7" }
    at InsertOneOperation.execute (C:\Repositorio\Coderhouse\Backend\Desafios\desafio-clase-37\node_modules\mongoose\node_modules\mongodb\lib\operations\insert.js:51:19)
    at process.processTicksAndRejections (node:internal/process/task_queues:95:5)
    at async executeOperation (C:\Repositorio\Coderhouse\Backend\Desafios\desafio-clase-37\node_modules\mongoose\node_modules\mongodb\lib\operations\execute_operation.js:136:16)
    at async Collection.insertOne (C:\Repositorio\Coderhouse\Backend\Desafios\desafio-clase-37\node_modules\mongoose\node_modules\mongodb\lib\collection.js:155:16)
error: MulterError: Unexpected field
    at wrappedFileFilter (C:\Repositorio\Coderhouse\Backend\Desafios\desafio-clase-44\node_modules\multer\index.js:40:19)
    at Multipart.<anonymous> (C:\Repositorio\Coderhouse\Backend\Desafios\desafio-clase-44\node_modules\multer\lib\make-middleware.js:107:7)
    at Multipart.emit (node:events:514:28)
    at HeaderParser.cb (C:\Repositorio\Coderhouse\Backend\Desafios\desafio-clase-44\node_modules\busboy\lib\types\multipart.js:358:14)
    at HeaderParser.push (C:\Repositorio\Coderhouse\Backend\Desafios\desafio-clase-44\node_modules\busboy\lib\types\multipart.js:162:20)
    at SBMH.ssCb [as _cb] (C:\Repositorio\Coderhouse\Backend\Desafios\desafio-clase-44\node_modules\busboy\lib\types\multipart.js:394:37)
    at feed (C:\Repositorio\Coderhouse\Backend\Desafios\desafio-clase-44\node_modules\streamsearch\lib\sbmh.js:219:14)
    at SBMH.push (C:\Repositorio\Coderhouse\Backend\Desafios\desafio-clase-44\node_modules\streamsearch\lib\sbmh.js:104:16)
    at Multipart._write (C:\Repositorio\Coderhouse\Backend\Desafios\desafio-clase-44\node_modules\busboy\lib\types\multipart.js:567:19)
    at writeOrBuffer (node:internal/streams/writable:556:12)
error: MulterError: Unexpected field
    at wrappedFileFilter (C:\Repositorio\Coderhouse\Backend\Desafios\desafio-clase-44\node_modules\multer\index.js:40:19)
    at Multipart.<anonymous> (C:\Repositorio\Coderhouse\Backend\Desafios\desafio-clase-44\node_modules\multer\lib\make-middleware.js:107:7)
    at Multipart.emit (node:events:514:28)
    at HeaderParser.cb (C:\Repositorio\Coderhouse\Backend\Desafios\desafio-clase-44\node_modules\busboy\lib\types\multipart.js:358:14)
    at HeaderParser.push (C:\Repositorio\Coderhouse\Backend\Desafios\desafio-clase-44\node_modules\busboy\lib\types\multipart.js:162:20)
    at SBMH.ssCb [as _cb] (C:\Repositorio\Coderhouse\Backend\Desafios\desafio-clase-44\node_modules\busboy\lib\types\multipart.js:394:37)
    at feed (C:\Repositorio\Coderhouse\Backend\Desafios\desafio-clase-44\node_modules\streamsearch\lib\sbmh.js:219:14)
    at SBMH.push (C:\Repositorio\Coderhouse\Backend\Desafios\desafio-clase-44\node_modules\streamsearch\lib\sbmh.js:104:16)
    at Multipart._write (C:\Repositorio\Coderhouse\Backend\Desafios\desafio-clase-44\node_modules\busboy\lib\types\multipart.js:567:19)
    at writeOrBuffer (node:internal/streams/writable:556:12)
error: MulterError: Unexpected field
    at wrappedFileFilter (C:\Repositorio\Coderhouse\Backend\Desafios\desafio-clase-44\node_modules\multer\index.js:40:19)
    at Multipart.<anonymous> (C:\Repositorio\Coderhouse\Backend\Desafios\desafio-clase-44\node_modules\multer\lib\make-middleware.js:107:7)
    at Multipart.emit (node:events:514:28)
    at HeaderParser.cb (C:\Repositorio\Coderhouse\Backend\Desafios\desafio-clase-44\node_modules\busboy\lib\types\multipart.js:358:14)
    at HeaderParser.push (C:\Repositorio\Coderhouse\Backend\Desafios\desafio-clase-44\node_modules\busboy\lib\types\multipart.js:162:20)
    at SBMH.ssCb [as _cb] (C:\Repositorio\Coderhouse\Backend\Desafios\desafio-clase-44\node_modules\busboy\lib\types\multipart.js:394:37)
    at feed (C:\Repositorio\Coderhouse\Backend\Desafios\desafio-clase-44\node_modules\streamsearch\lib\sbmh.js:219:14)
    at SBMH.push (C:\Repositorio\Coderhouse\Backend\Desafios\desafio-clase-44\node_modules\streamsearch\lib\sbmh.js:104:16)
    at Multipart._write (C:\Repositorio\Coderhouse\Backend\Desafios\desafio-clase-44\node_modules\busboy\lib\types\multipart.js:567:19)
    at writeOrBuffer (node:internal/streams/writable:556:12)
error: Error: ENOENT: no such file or directory, open 'C:\Repositorio\Coderhouse\Backend\Desafios\desafio-clase-44\uploads\1720984173694-documento.txt'
